# JRE version: Java(TM) SE Runtime Environment (8.0_25-b17) (build 1.8.0_25-b17)
# Java VM: Java HotSpot(TM) 64-Bit Server VM (25.25-b02 mixed mode bsd-amd64 compressed oops)
Heap:
 PSYoungGen      total 485376K, used 147205K [0x0000000795580000, 0x00000007ba100000, 0x00000007c0000000)
  eden space 396800K, 20% used [0x0000000795580000,0x000000079a6075a8,0x00000007ad900000)
  from space 88576K, 73% used [0x00000007b3700000,0x00000007b7639ff0,0x00000007b8d80000)
  to   space 96256K, 0% used [0x00000007ad900000,0x00000007ad900000,0x00000007b3700000)
 ParOldGen       total 741888K, used 457926K [0x0000000740000000, 0x000000076d480000, 0x0000000795580000)
  object space 741888K, 61% used [0x0000000740000000,0x000000075bf31868,0x000000076d480000)
 Metaspace       used 109122K, capacity 111653K, committed 111820K, reserved 1140736K
  class space    used 19425K, capacity 20416K, committed 20480K, reserved 1048576K
GC Heap History (10 events):
Event: 26348.162 GC heap before
{Heap before GC invocations=430 (full 4):
 PSYoungGen      total 375296K, used 375268K [0x0000000795580000, 0x00000007b2800000, 0x00000007c0000000)
  eden space 358912K, 100% used [0x0000000795580000,0x00000007ab400000,0x00000007ab400000)
  from space 16384K, 99% used [0x00000007b0800000,0x00000007b17f9358,0x00000007b1800000)
  to   space 16384K, 0% used [0x00000007b1800000,0x00000007b1800000,0x00000007b2800000)
 ParOldGen       total 741888K, used 378269K [0x0000000740000000, 0x000000076d480000, 0x0000000795580000)
  object space 741888K, 50% used [0x0000000740000000,0x0000000757167590,0x000000076d480000)
 Metaspace       used 108289K, capacity 110585K, committed 110796K, reserved 1140736K
  class space    used 19191K, capacity 20104K, committed 20224K, reserved 1048576K
Event: 26348.271 GC heap after
Heap after GC invocations=430 (full 4):
 PSYoungGen      total 369152K, used 16363K [0x0000000795580000, 0x00000007b2800000, 0x00000007c0000000)
  eden space 352768K, 0% used [0x0000000795580000,0x0000000795580000,0x00000007aae00000)
  from space 16384K, 99% used [0x00000007b1800000,0x00000007b27fac78,0x00000007b2800000)
  to   space 42496K, 0% used [0x00000007ad500000,0x00000007ad500000,0x00000007afe80000)
 ParOldGen       total 741888K, used 394211K [0x0000000740000000, 0x000000076d480000, 0x0000000795580000)
  object space 741888K, 53% used [0x0000000740000000,0x00000007580f8dc8,0x000000076d480000)
 Metaspace       used 108289K, capacity 110585K, committed 110796K, reserved 1140736K
  class space    used 19191K, capacity 20104K, committed 20224K, reserved 1048576K
}
Event: 26348.794 GC heap before
{Heap before GC invocations=431 (full 4):
 PSYoungGen      total 369152K, used 369131K [0x0000000795580000, 0x00000007b2800000, 0x00000007c0000000)
  eden space 352768K, 100% used [0x0000000795580000,0x00000007aae00000,0x00000007aae00000)
  from space 16384K, 99% used [0x00000007b1800000,0x00000007b27fac78,0x00000007b2800000)
  to   space 42496K, 0% used [0x00000007ad500000,0x00000007ad500000,0x00000007afe80000)
 ParOldGen       total 741888K, used 394211K [0x0000000740000000, 0x000000076d480000, 0x0000000795580000)
  object space 741888K, 53% used [0x0000000740000000,0x00000007580f8dc8,0x000000076d480000)
 Metaspace       used 108289K, capacity 110585K, committed 110796K, reserved 1140736K
  class space    used 19191K, capacity 20104K, committed 20224K, reserved 1048576K
Event: 26348.855 GC heap after
Heap after GC invocations=431 (full 4):
 PSYoungGen      total 435200K, used 23099K [0x0000000795580000, 0x00000007b2b00000, 0x00000007c0000000)
  eden space 392704K, 0% used [0x0000000795580000,0x0000000795580000,0x00000007ad500000)
  from space 42496K, 54% used [0x00000007ad500000,0x00000007aeb8ec88,0x00000007afe80000)
  to   space 43520K, 0% used [0x00000007b0080000,0x00000007b0080000,0x00000007b2b00000)
 ParOldGen       total 741888K, used 394211K [0x0000000740000000, 0x000000076d480000, 0x0000000795580000)
  object space 741888K, 53% used [0x0000000740000000,0x00000007580f8dc8,0x000000076d480000)
 Metaspace       used 108289K, capacity 110585K, committed 110796K, reserved 1140736K
  class space    used 19191K, capacity 20104K, committed 20224K, reserved 1048576K
}
Event: 26350.692 GC heap before
{Heap before GC invocations=432 (full 4):
 PSYoungGen      total 435200K, used 415803K [0x0000000795580000, 0x00000007b2b00000, 0x00000007c0000000)
  eden space 392704K, 100% used [0x0000000795580000,0x00000007ad500000,0x00000007ad500000)
  from space 42496K, 54% used [0x00000007ad500000,0x00000007aeb8ec88,0x00000007afe80000)
  to   space 43520K, 0% used [0x00000007b0080000,0x00000007b0080000,0x00000007b2b00000)
 ParOldGen       total 741888K, used 394211K [0x0000000740000000, 0x000000076d480000, 0x0000000795580000)
  object space 741888K, 53% used [0x0000000740000000,0x00000007580f8dc8,0x000000076d480000)
 Metaspace       used 108870K, capacity 111285K, committed 111436K, reserved 1140736K
  class space    used 19335K, capacity 20272K, committed 20352K, reserved 1048576K
Event: 26350.818 GC heap after
Heap after GC invocations=432 (full 4):
 PSYoungGen      total 405504K, used 43499K [0x0000000795580000, 0x00000007b9a00000, 0x00000007c0000000)
  eden space 361984K, 0% used [0x0000000795580000,0x0000000795580000,0x00000007ab700000)
  from space 43520K, 99% used [0x00000007b0080000,0x00000007b2afacb8,0x00000007b2b00000)
  to   space 75264K, 0% used [0x00000007ab700000,0x00000007ab700000,0x00000007b0080000)
 ParOldGen       total 741888K, used 457926K [0x0000000740000000, 0x000000076d480000, 0x0000000795580000)
  object space 741888K, 61% used [0x0000000740000000,0x000000075bf31868,0x000000076d480000)
 Metaspace       used 108870K, capacity 111285K, committed 111436K, reserved 1140736K
  class space    used 19335K, capacity 20272K, committed 20352K, reserved 1048576K
}
Event: 26946.282 GC heap before
{Heap before GC invocations=433 (full 4):
 PSYoungGen      total 405504K, used 405483K [0x0000000795580000, 0x00000007b9a00000, 0x00000007c0000000)
  eden space 361984K, 100% used [0x0000000795580000,0x00000007ab700000,0x00000007ab700000)
  from space 43520K, 99% used [0x00000007b0080000,0x00000007b2afacb8,0x00000007b2b00000)
  to   space 75264K, 0% used [0x00000007ab700000,0x00000007ab700000,0x00000007b0080000)
 ParOldGen       total 741888K, used 457926K [0x0000000740000000, 0x000000076d480000, 0x0000000795580000)
  object space 741888K, 61% used [0x0000000740000000,0x000000075bf31868,0x000000076d480000)
 Metaspace       used 108979K, capacity 111497K, committed 111692K, reserved 1140736K
  class space    used 19357K, capacity 20344K, committed 20352K, reserved 1048576K
Event: 26946.351 GC heap after
Heap after GC invocations=433 (full 4):
 PSYoungGen      total 437248K, used 73595K [0x0000000795580000, 0x00000007b8d80000, 0x00000007c0000000)
  eden space 361984K, 0% used [0x0000000795580000,0x0000000795580000,0x00000007ab700000)
  from space 75264K, 97% used [0x00000007ab700000,0x00000007afedec98,0x00000007b0080000)
  to   space 88576K, 0% used [0x00000007b3700000,0x00000007b3700000,0x00000007b8d80000)
 ParOldGen       total 741888K, used 457926K [0x0000000740000000, 0x000000076d480000, 0x0000000795580000)
  object space 741888K, 61% used [0x0000000740000000,0x000000075bf31868,0x000000076d480000)
 Metaspace       used 108979K, capacity 111497K, committed 111692K, reserved 1140736K
  class space    used 19357K, capacity 20344K, committed 20352K, reserved 1048576K
}
Event: 26947.051 GC heap before
{Heap before GC invocations=434 (full 4):
 PSYoungGen      total 437248K, used 435579K [0x0000000795580000, 0x00000007b8d80000, 0x00000007c0000000)
  eden space 361984K, 100% used [0x0000000795580000,0x00000007ab700000,0x00000007ab700000)
  from space 75264K, 97% used [0x00000007ab700000,0x00000007afedec98,0x00000007b0080000)
  to   space 88576K, 0% used [0x00000007b3700000,0x00000007b3700000,0x00000007b8d80000)
 ParOldGen       total 741888K, used 457926K [0x0000000740000000, 0x000000076d480000, 0x0000000795580000)
  object space 741888K, 61% used [0x0000000740000000,0x000000075bf31868,0x000000076d480000)
 Metaspace       used 108986K, capacity 111497K, committed 111692K, reserved 1140736K
  class space    used 19357K, capacity 20344K, committed 20352K, reserved 1048576K
Event: 26947.098 GC heap after
Heap after GC invocations=434 (full 4):
 PSYoungGen      total 485376K, used 64743K [0x0000000795580000, 0x00000007ba100000, 0x00000007c0000000)
  eden space 396800K, 0% used [0x0000000795580000,0x0000000795580000,0x00000007ad900000)
  from space 88576K, 73% used [0x00000007b3700000,0x00000007b7639ff0,0x00000007b8d80000)
  to   space 96256K, 0% used [0x00000007ad900000,0x00000007ad900000,0x00000007b3700000)
 ParOldGen       total 741888K, used 457926K [0x0000000740000000, 0x000000076d480000, 0x0000000795580000)
  object space 741888K, 61% used [0x0000000740000000,0x000000075bf31868,0x000000076d480000)
 Metaspace       used 108986K, capacity 111497K, committed 111692K, reserved 1140736K
  class space    used 19357K, capacity 20344K, committed 20352K, reserved 1048576K
}

